2022-04-14 20:51:51 [info] : 123
2022-04-14 20:51:51 [debug] : start expressManager
2022-04-14 20:51:51 [debug] : express listening on port 3000
2022-04-14 20:51:52 [debug] : Collection created!
2022-04-14 20:52:44 [debug] : start expressManager
2022-04-14 20:52:44 [debug] : express listening on port 3000
2022-04-14 20:52:44 [debug] : Collection created!
2022-04-14 20:53:16 [debug] : start expressManager
2022-04-14 20:53:16 [debug] : express listening on port 3000
2022-04-14 20:53:16 [debug] : Collection created!
2022-04-14 20:53:55 [debug] : start expressManager
2022-04-14 20:53:55 [debug] : express listening on port 3000
2022-04-14 20:53:55 [debug] : Collection created!
2022-04-14 20:54:14 [debug] : req body: {"limit":"5"}
2022-04-14 20:54:16 [debug] : req body: {"limit":"5"}
2022-04-14 21:01:34 [debug] : start expressManager
2022-04-14 21:01:34 [debug] : express listening on port 3000
2022-04-14 21:01:34 [debug] : Collection created!
2022-04-14 21:01:45 [debug] : req body: {"limit":"2"}
2022-04-14 21:02:24 [debug] : start expressManager
2022-04-14 21:02:24 [debug] : express listening on port 3000
2022-04-14 21:02:24 [debug] : Collection created!
2022-04-14 21:02:26 [debug] : req body: {"limit":"2"}
2022-04-14 21:02:47 [debug] : start expressManager
2022-04-14 21:02:47 [debug] : express listening on port 3000
2022-04-14 21:02:47 [debug] : Collection created!
2022-04-14 21:02:48 [debug] : req body: {"limit":"2"}
2022-04-14 21:03:10 [debug] : start expressManager
2022-04-14 21:03:11 [debug] : express listening on port 3000
2022-04-14 21:03:11 [debug] : Collection created!
2022-04-14 21:03:19 [debug] : req body: {"limit":"2"}
2022-04-14 21:08:27 [debug] : start expressManager
2022-04-14 21:08:27 [debug] : express listening on port 3000
2022-04-14 21:08:27 [debug] : Collection created!
2022-04-14 21:08:29 [debug] : req body: {"limit":"2"}
2022-04-14 21:08:34 [debug] : req body: {"limit":"2"}
2022-04-14 21:08:36 [debug] : req body: {"limit":"2"}
2022-04-14 21:08:56 [debug] : req body: {"limit":"2"}
2022-04-14 21:08:58 [debug] : req body: {"limit":"2"}
2022-04-14 21:08:59 [debug] : req body: {"limit":"2"}
2022-04-14 21:09:00 [debug] : req body: {"limit":"2"}
2022-04-14 21:09:00 [debug] : req body: {"limit":"2"}
2022-04-14 21:09:01 [debug] : req body: {"limit":"2"}
2022-04-14 21:09:02 [debug] : req body: {"limit":"2"}
2022-04-14 21:09:03 [debug] : req body: {"limit":"2"}
2022-04-14 21:09:03 [debug] : req body: {"limit":"2"}
2022-04-14 21:09:04 [debug] : req body: {"limit":"2"}
2022-04-14 21:09:05 [debug] : req body: {"limit":"2"}
2022-04-14 21:09:05 [debug] : req body: {"limit":"2"}
2022-04-14 21:09:10 [debug] : req body: {"limit":"2"}
2022-04-14 21:09:39 [debug] : req body: {"limit":"5"}
2022-04-14 21:09:55 [debug] : req body: {"limit":"5"}
2022-04-14 21:10:23 [debug] : start expressManager
2022-04-14 21:10:23 [debug] : express listening on port 3000
2022-04-14 21:10:23 [debug] : Collection created!
2022-04-14 21:10:35 [debug] : req body: {"limit":"5"}
2022-04-14 21:10:45 [debug] : req body: {"limit":"5"}
2022-04-14 21:10:55 [debug] : req body: {"limit":"5"}
2022-04-14 21:11:45 [debug] : req body: {"limit":"5"}
2022-04-14 21:14:31 [debug] : req body: {"limit":"5"}
2022-04-14 21:14:38 [debug] : req body: {"limit":"5"}
2022-04-14 21:14:46 [debug] : req body: {"limit":"5"}
2022-04-14 21:15:00 [debug] : req body: {"limit":"5"}
2022-04-14 21:15:03 [debug] : req body: {"limit":"5"}
2022-04-14 21:15:06 [debug] : req body: {"limit":"5"}
2022-04-14 21:15:07 [debug] : req body: {"limit":"5"}
2022-04-14 21:15:09 [debug] : req body: {"limit":"5"}
2022-04-14 21:15:12 [debug] : req body: {"limit":"5"}
2022-04-14 21:15:45 [debug] : req body: {"limit":"5"}
2022-04-14 21:15:48 [debug] : req body: {"limit":"5"}
2022-04-14 21:15:48 [debug] : req body: {"limit":"5"}
2022-04-14 21:15:48 [debug] : req body: {"limit":"5"}
2022-04-14 21:15:48 [debug] : req body: {"limit":"5"}
2022-04-14 21:15:49 [debug] : req body: {"limit":"5"}
2022-04-14 21:15:49 [debug] : req body: {"limit":"5"}
2022-04-14 21:15:55 [debug] : req body: {"limit":"5"}
2022-04-14 21:15:55 [debug] : req body: {"limit":"5"}
2022-04-14 21:15:55 [debug] : req body: {"limit":"5"}
2022-04-14 21:15:55 [debug] : req body: {"limit":"5"}
2022-04-14 21:15:55 [debug] : req body: {"limit":"5"}
2022-04-14 21:15:57 [debug] : req body: {"limit":"5"}
2022-04-14 21:16:01 [debug] : req body: {"limit":"5"}
2022-04-14 21:16:01 [debug] : req body: {"limit":"5"}
2022-04-14 21:16:15 [debug] : req body: {"limit":"5"}
2022-04-14 21:16:17 [debug] : req body: {"limit":"5"}
2022-04-14 21:16:36 [debug] : req body: {"limit":"5"}
2022-04-14 21:16:40 [debug] : req body: {"limit":"5"}
2022-04-14 21:16:40 [debug] : req body: {"limit":"5"}
2022-04-14 21:16:40 [debug] : req body: {"limit":"5"}
2022-04-14 21:16:40 [debug] : req body: {"limit":"5"}
2022-04-14 21:16:40 [debug] : req body: {"limit":"5"}
2022-04-14 21:16:40 [debug] : req body: {"limit":"5"}
2022-04-14 21:16:54 [debug] : req body: {"limit":"5"}
2022-04-14 21:16:55 [debug] : req body: {"limit":"5"}
2022-04-14 21:16:55 [debug] : req body: {"limit":"5"}
2022-04-14 21:16:55 [debug] : req body: {"limit":"5"}
2022-04-14 21:16:55 [debug] : req body: {"limit":"5"}
2022-04-14 21:17:04 [debug] : req body: {"limit":"5"}
2022-04-14 21:17:04 [debug] : req body: {"limit":"5"}
2022-04-14 21:17:04 [debug] : req body: {"limit":"5"}
2022-04-14 21:17:05 [debug] : req body: {"limit":"5"}
2022-04-14 21:17:05 [debug] : req body: {"limit":"5"}
2022-04-14 21:17:05 [debug] : req body: {"limit":"5"}
2022-04-14 21:17:05 [debug] : req body: {"limit":"5"}
2022-04-14 21:17:16 [debug] : req body: {"limit":"5"}
2022-04-14 21:17:17 [debug] : req body: {"limit":"5"}
2022-04-14 21:17:18 [debug] : req body: {"limit":"5"}
2022-04-14 21:17:28 [debug] : req body: {"limit":"5"}
2022-04-14 21:17:54 [debug] : req body: {"limit":"5"}
2022-04-14 21:17:55 [debug] : req body: {"limit":"5"}
2022-04-14 21:17:57 [debug] : req body: {"limit":"5"}
2022-04-14 21:17:57 [debug] : req body: {"limit":"5"}
2022-04-14 21:18:02 [debug] : req body: {"limit":"5"}
2022-04-14 21:18:04 [debug] : req body: {"limit":"5"}
2022-04-14 21:18:06 [debug] : req body: {"limit":"5"}
2022-04-14 21:18:06 [debug] : req body: {"limit":"5"}
2022-04-14 21:18:15 [debug] : req body: {"limit":"5"}
2022-04-14 21:18:18 [debug] : req body: {"limit":"5"}
2022-04-14 21:18:19 [debug] : req body: {"limit":"5"}
2022-04-14 21:18:26 [debug] : req body: {"limit":"5"}
2022-04-14 21:18:26 [debug] : req body: {"limit":"5"}
2022-04-14 21:18:26 [debug] : req body: {"limit":"5"}
2022-04-14 21:18:26 [debug] : req body: {"limit":"5"}
2022-04-14 21:18:26 [debug] : req body: {"limit":"5"}
2022-04-14 21:18:26 [debug] : req body: {"limit":"5"}
2022-04-14 21:21:40 [debug] : start expressManager
2022-04-14 21:21:40 [debug] : express listening on port 3000
2022-04-14 21:21:40 [debug] : Collection created!
2022-04-14 21:21:50 [debug] : req body: {"limit":"5"}
2022-04-14 21:21:54 [debug] : req body: {"limit":"5"}
2022-04-14 21:22:00 [debug] : req body: {"limit":"5"}
2022-04-14 21:22:05 [debug] : req body: {"limit":"5"}
2022-04-14 21:22:07 [debug] : req body: {"limit":"5"}
2022-04-14 21:22:08 [debug] : req body: {"limit":"5"}
2022-04-14 21:22:09 [debug] : req body: {"limit":"5"}
2022-04-14 21:22:11 [debug] : req body: {"limit":"5"}
2022-04-14 21:22:15 [debug] : req body: {"limit":"5"}
2022-04-14 21:22:26 [debug] : req body: {"limit":"5"}
2022-04-14 21:22:30 [debug] : req body: {"limit":"5"}
2022-04-14 21:22:32 [debug] : req body: {"limit":"5"}
2022-04-14 21:22:33 [debug] : req body: {"limit":"5"}
2022-04-14 21:22:34 [debug] : req body: {"limit":"5"}
2022-04-14 21:22:36 [debug] : req body: {"limit":"5"}
2022-04-14 21:22:42 [debug] : req body: {"limit":"5"}
2022-04-14 21:22:44 [debug] : req body: {"limit":"5"}
2022-04-14 21:22:44 [debug] : req body: {"limit":"5"}
2022-04-14 21:22:45 [debug] : req body: {"limit":"5"}
2022-04-14 21:22:47 [debug] : req body: {"limit":"5"}
2022-04-14 21:22:47 [debug] : req body: {"limit":"5"}
2022-04-14 21:22:48 [debug] : req body: {"limit":"5"}
2022-04-14 21:22:54 [debug] : req body: {"limit":"5"}
2022-04-14 21:22:55 [debug] : req body: {"limit":"5"}
2022-04-14 21:22:56 [debug] : req body: {"limit":"5"}
2022-04-14 21:22:56 [debug] : req body: {"limit":"5"}
2022-04-14 21:22:56 [debug] : req body: {"limit":"5"}
2022-04-14 21:22:56 [debug] : req body: {"limit":"5"}
2022-04-14 21:22:57 [debug] : req body: {"limit":"5"}
2022-04-14 21:22:57 [debug] : req body: {"limit":"5"}
2022-04-14 21:22:57 [debug] : req body: {"limit":"5"}
2022-04-14 21:22:58 [debug] : req body: {"limit":"5"}
2022-04-14 21:23:06 [debug] : req body: {"limit":"5"}
2022-04-14 21:23:07 [debug] : req body: {"limit":"5"}
2022-04-14 21:23:46 [debug] : req body: {"limit":"5"}
2022-04-14 21:23:59 [debug] : req body: {"limit":"5"}
2022-04-14 21:24:24 [debug] : req body: {"limit":"5"}
2022-04-14 21:24:27 [debug] : req body: {"limit":"5"}
2022-04-14 21:24:31 [debug] : req body: {"limit":"5"}
2022-04-14 21:24:32 [debug] : req body: {"limit":"5"}
2022-04-14 21:25:52 [debug] : req body: {"limit":"5"}
2022-04-14 21:26:12 [debug] : req body: {"limit":"5"}
2022-04-14 21:26:23 [debug] : req body: {"limit":"5"}
2022-04-14 21:26:23 [debug] : req body: {"limit":"5"}
2022-04-14 21:26:24 [debug] : req body: {"limit":"5"}
2022-04-14 21:26:24 [debug] : req body: {"limit":"5"}
2022-04-14 21:26:24 [debug] : req body: {"limit":"5"}
2022-04-14 21:26:25 [debug] : req body: {"limit":"5"}
2022-04-14 21:26:25 [debug] : req body: {"limit":"5"}
2022-04-14 21:26:25 [debug] : req body: {"limit":"5"}
2022-04-14 21:26:25 [debug] : req body: {"limit":"5"}
2022-04-14 21:26:26 [debug] : req body: {"limit":"5"}
2022-04-14 21:26:26 [debug] : req body: {"limit":"5"}
2022-04-14 21:26:26 [debug] : req body: {"limit":"5"}
2022-04-14 21:26:27 [debug] : req body: {"limit":"5"}
2022-04-14 21:26:27 [debug] : req body: {"limit":"5"}
2022-04-14 21:26:27 [debug] : req body: {"limit":"5"}
2022-04-14 21:26:28 [debug] : req body: {"limit":"5"}
2022-04-14 21:26:28 [debug] : req body: {"limit":"5"}
2022-04-14 21:26:28 [debug] : req body: {"limit":"5"}
2022-04-14 21:26:29 [debug] : req body: {"limit":"5"}
2022-04-14 21:26:29 [debug] : req body: {"limit":"5"}
2022-04-14 21:26:30 [debug] : req body: {"limit":"5"}
2022-04-14 21:26:30 [debug] : req body: {"limit":"5"}
2022-04-14 21:30:13 [debug] : req body: {"limit":"5"}
2022-04-14 21:30:24 [debug] : req body: {"limit":"5"}
2022-04-14 21:30:26 [debug] : req body: {"limit":"5"}
2022-04-14 21:30:50 [debug] : req body: {"limit":"5"}
2022-04-14 21:32:44 [debug] : req body: {"limit":"5"}
2022-04-14 21:35:19 [debug] : req body: {"id":"6256bc2e7bcfae26dd9f73cb"}
2022-04-14 21:35:28 [debug] : start expressManager
2022-04-14 21:35:28 [debug] : express listening on port 3000
2022-04-14 21:35:28 [debug] : Collection created!
2022-04-14 21:35:31 [debug] : req body: {"id":"6256bc2e7bcfae26dd9f73cb"}
2022-04-14 21:38:01 [debug] : start expressManager
2022-04-14 21:38:01 [debug] : express listening on port 3000
2022-04-14 21:38:01 [debug] : Collection created!
2022-04-14 21:38:03 [debug] : req body: {"id":"6256bc2e7bcfae26dd9f73cb"}
2022-04-14 21:38:21 [debug] : start expressManager
2022-04-14 21:38:21 [debug] : express listening on port 3000
2022-04-14 21:38:21 [debug] : Collection created!
2022-04-14 21:38:23 [debug] : req body: {"id":"6256bc2e7bcfae26dd9f73cb"}
2022-04-14 21:41:45 [debug] : req body: {"limit":"5"}
2022-04-14 21:42:06 [debug] : req body: {"limit":"5"}
2022-04-14 21:42:24 [debug] : req body: {"limit":"5"}
2022-04-14 21:42:26 [debug] : req body: {"limit":"5"}
2022-04-14 21:42:28 [debug] : req body: {"limit":"5"}
2022-04-14 21:42:31 [debug] : req body: {"limit":"5"}
2022-04-14 21:42:33 [debug] : req body: {"limit":"5"}
2022-04-14 21:42:34 [debug] : req body: {"limit":"5"}
2022-04-14 21:43:39 [debug] : req body: {"limit":"5"}
2022-04-14 21:44:04 [debug] : req body: {"id":"6256ff9ab1e26d26743b24f1"}
2022-04-14 21:44:06 [debug] : req body: {"id":"6256ff9ab1e26d26743b24f1"}
2022-04-14 21:44:09 [debug] : req body: {"limit":"5"}
2022-04-14 21:44:10 [debug] : req body: {"limit":"5"}
2022-04-14 21:44:13 [debug] : req body: {"id":"6256eb8fa7c85a51b745c0a2"}
2022-04-14 21:44:36 [debug] : req body: {"id":"6256eb8fa7c85a51b745c0a2"}
2022-04-14 21:44:38 [debug] : req body: {"id":"6256eb8fa7c85a51b745c0a2"}
2022-04-14 21:44:43 [debug] : req body: {"id":"6256eb8fa7c85a51b745c0a2"}
2022-04-14 21:44:51 [debug] : req body: {"id":"6256eb8fa7c85a51b745c0a2"}
2022-04-14 21:45:06 [debug] : req body: {"id":"6256eb8fa7c85a51b745c0a2"}
2022-04-14 21:45:21 [debug] : req body: {"id":"6256eb8fa7c85a51b745c0a2"}
2022-04-14 21:45:45 [debug] : req body: {"id":"6256eb8fa7c85a51b745c0a2"}
2022-04-14 21:45:59 [debug] : req body: {"id":"6256eb8fa7c85a51b745c0a2"}
2022-04-14 21:46:03 [debug] : req body: {"id":"6256eb8fa7c85a51b745c0a2"}
2022-04-14 21:46:08 [debug] : req body: {"id":"6256eb8fa7c85a51b745c0a2"}
2022-04-14 21:46:15 [debug] : req body: {"limit":"5"}
2022-04-14 21:46:17 [debug] : req body: {"id":"123456"}
2022-04-14 21:46:37 [debug] : start expressManager
2022-04-14 21:46:37 [debug] : express listening on port 3000
2022-04-14 21:46:37 [debug] : Collection created!
2022-04-14 21:46:40 [debug] : req body: {"limit":"5"}
2022-04-14 21:46:41 [debug] : req body: {"id":"6256c5f625b9c892dd34d691"}
2022-04-14 21:46:43 [debug] : req body: {"limit":"5"}
2022-04-14 21:47:01 [debug] : req body: {"limit":"5"}
2022-04-14 21:47:07 [debug] : req body: {"limit":"5"}
2022-04-14 21:47:13 [debug] : req body: {"limit":"5"}
2022-04-14 21:47:18 [debug] : req body: {"limit":"5"}
2022-04-14 21:47:20 [debug] : req body: {"limit":"5"}
2022-04-14 21:47:21 [debug] : req body: {"limit":"5"}
2022-04-14 21:47:23 [debug] : req body: {"limit":"5"}
2022-04-14 21:47:24 [debug] : req body: {"limit":"5"}
2022-04-14 21:47:26 [debug] : req body: {"id":"6256e675538ad22ec256c9a6"}
2022-04-14 21:47:39 [debug] : req body: {"limit":"5"}
2022-04-14 21:47:43 [debug] : req body: {"id":"6256fd2eb1e26d26743afa6b"}
